<?xml version="1.0" encoding="UTF-8"?>
<!-- Generated by org.testng.reporters.JUnitReportReporter -->
<testsuite skipped="0" hostname="IND101767LT" name="FlightBookingTest" tests="1" failures="0" timestamp="19 Oct 2019 20:02:45 GMT" time="20.428" errors="0">
  <testcase name="testThatResultsAppearForAOneWayJourney" time="20.428" classname="FlightBookingTest"/>
</testsuite> <!-- FlightBookingTest -->
