<?xml version="1.0" encoding="UTF-8"?>
<!-- Generated by org.testng.reporters.JUnitReportReporter -->
<testsuite skipped="0" hostname="IND101767LT" name="SignInTest" tests="1" failures="0" timestamp="19 Oct 2019 19:59:12 GMT" time="18.893" errors="0">
  <testcase name="shouldThrowAnErrorIfSignInDetailsAreMissing" time="18.893" classname="SignInTest"/>
</testsuite> <!-- SignInTest -->
