<?xml version="1.0" encoding="UTF-8"?>
<!-- Generated by org.testng.reporters.JUnitReportReporter -->
<testsuite skipped="0" hostname="IND101767LT" name="HotelBookingTest" tests="1" failures="0" timestamp="19 Oct 2019 20:12:33 GMT" time="22.236" errors="0">
  <testcase name="shouldBeAbleToSearchForHotels" time="22.236" classname="HotelBookingTest"/>
</testsuite> <!-- HotelBookingTest -->
